The system is: Windows - 10.0.18363 - AMD64
Compiling the C compiler identification source file "CMakeCCompilerId.c" succeeded.
Compiler: D:/Software_on_Disk_D/qt_2018_12-29/Tools/mingw730_64/bin/gcc.exe 
Build flags: 
Id flags:  

The output was:
0


Compilation of the C compiler identification source "CMakeCCompilerId.c" produced "a.exe"

The C compiler identification is GNU, found in "H:/Programming/Source_code/Source_code_C/C_code_teacher_haobin/C_training/lesson_5/lesson_5_code(unknown)/cmake-build-debug/CMakeFiles/3.16.5/CompilerIdC/a.exe"

Determining if the C compiler works passed with the following output:
Change Dir: H:/Programming/Source_code/Source_code_C/C_code_teacher_haobin/C_training/lesson_5/lesson_5_code(unknown)/cmake-build-debug/CMakeFiles/CMakeTmp

Run Build Command(s):D:/Software_on_Disk_D/qt_2018_12-29/Tools/mingw730_64/bin/mingw32-make.exe cmTC_b3d4c/fast && D:/Software_on_Disk_D/qt_2018_12-29/Tools/mingw730_64/bin/mingw32-make.exe -f CMakeFiles\cmTC_b3d4c.dir\build.make CMakeFiles/cmTC_b3d4c.dir/build
mingw32-make.exe[1]: Entering directory 'H:/Programming/Source_code/Source_code_C/C_code_teacher_haobin/C_training/lesson_5/lesson_5_code(unknown)/cmake-build-debug/CMakeFiles/CMakeTmp'
Building C object CMakeFiles/cmTC_b3d4c.dir/testCCompiler.c.obj
D:\Software_on_Disk_D\qt_2018_12-29\Tools\mingw730_64\bin\gcc.exe    -o CMakeFiles\cmTC_b3d4c.dir\testCCompiler.c.obj   -c H:\Programming\Source_code\Source_code_C\C_code_teacher_haobin\C_training\lesson_5\lesson_5_code(unknown)\cmake-build-debug\CMakeFiles\CMakeTmp\testCCompiler.c
Linking C executable cmTC_b3d4c.exe
D:\Software_on_Disk_D\CLion-2020.1.1.win\bin\cmake\win\bin\cmake.exe -E cmake_link_script CMakeFiles\cmTC_b3d4c.dir\link.txt --verbose=1
D:\Software_on_Disk_D\CLion-2020.1.1.win\bin\cmake\win\bin\cmake.exe -E remove -f CMakeFiles\cmTC_b3d4c.dir/objects.a
D:\Software_on_Disk_D\qt_2018_12-29\Tools\mingw730_64\bin\ar.exe cr CMakeFiles\cmTC_b3d4c.dir/objects.a @CMakeFiles\cmTC_b3d4c.dir\objects1.rsp
D:\Software_on_Disk_D\qt_2018_12-29\Tools\mingw730_64\bin\gcc.exe      -Wl,--whole-archive CMakeFiles\cmTC_b3d4c.dir/objects.a -Wl,--no-whole-archive  -o cmTC_b3d4c.exe -Wl,--out-implib,libcmTC_b3d4c.dll.a -Wl,--major-image-version,0,--minor-image-version,0 @CMakeFiles\cmTC_b3d4c.dir\linklibs.rsp
mingw32-make.exe[1]: Leaving directory 'H:/Programming/Source_code/Source_code_C/C_code_teacher_haobin/C_training/lesson_5/lesson_5_code(unknown)/cmake-build-debug/CMakeFiles/CMakeTmp'



